1584903000589:help
1584903127770:search-for-cik 3000
1584903234410:help
1584903245477:search-for-cik 300 200
1584903438408:help
1584903460326:search-for-cik 300 300 rodrigo,fulano,ciclano
1584903470326:search-for-cik 300 300 rodrigo fulano
1584903478145:search-for-cik 300 300 rodrigo,fulano,ciclano
1584903872926:help
1584904419653:se
1584904423524:search
1584904438043:300
1584904444652:search 300
1584904460473:search 300 2020-01-01
1584904467753:search 300 2020-01-01 rodrigo,dayane
1584905001220:search cik=300
1584905022251:search cik=300 quarterIndex=2020-01-01 fields=rodrigo,dayane
1584907663324:search 200 2020-01-01 rodrigo,dayane
1584907720193:search 200 2020 rodrigo,dayane
1584908242696:search 200 300 rodrigo,dayane
1584908641818:search 200 200 rodrigo,dayane
1584909053254:search 1 1 r,r
1584910015291:search 2 2 d,d
1584911817640:search 3 3 r,r
1584912171627:help
1584912182445:search 1 1 r,r
1584912663898:search 1 1 r
1584914535660:search 1 2019-01-01 r
1584920797168:search 1 2019-01-01 r,r
1584920829807:search 1000045 2019-01-01 r,r
1584921285435:search 1000045 2019-02-15 r,r
1584921313523:search 1000045 2019-02-14 r
1584921338531:search 1000045 2019-02-13 r
1584921598096:search 1000045 2019-02-14 r
1584921613446:search 1000045 2019-02-15 r
1584921627507:search 1000045 2019-02-10 r
1584982266997:search
1584982437842:search 1000045 2019-02-14 r,r
1584984070539:search 1000045 2019-02-14 r
1584984425507:1000045 2019-02-14 r
1584984441700:search 1000045 2019-02-14 r
1584989669749:search 1000045 2019-02-14 r,r
